stdio    D         file_stdio.c:110  file_stdio_fopen                 [   0.00000] opening C:\Users\bruce\OneDrive\桌面\cdfinal\game_second_ed\CSI2P-Final-Project-Template\SourceCode\allegro5.cfg r
system   D            wsystem.c:874  _al_win_safe_load_library        [   0.00000] PathFindOnPath found: C:\WINDOWS\system32\shcore.dll
system   D            wsystem.c:780  load_library_at_path             [   0.00000] Calling LoadLibrary C:\WINDOWS\system32\shcore.dll
system   I            wsystem.c:783  load_library_at_path             [   0.00000] Loaded C:\WINDOWS\system32\shcore.dll
system   I             system.c:271  al_install_system                [   0.00000] Allegro version: 5.2.7
audio-dsound I           dsound.cpp:271  _dsound_open                     [   0.00022] Starting DirectSound...
audio-dsound D           dsound.cpp:280  _dsound_open                     [   0.02057] DirectSoundCreate8 succeeded
audio-dsound I           dsound.cpp:73   get_window                       [   0.02062] Using desktop window: 0000000000010010
audio    I              audio.c:347  do_install_audio                 [   0.02069] Using DirectSound driver
system   D            wsystem.c:874  _al_win_safe_load_library        [   0.02090] PathFindOnPath found: C:\WINDOWS\system32\d3d9.dll
system   D            wsystem.c:780  load_library_at_path             [   0.02091] Calling LoadLibrary C:\WINDOWS\system32\d3d9.dll
system   I            wsystem.c:783  load_library_at_path             [   0.02183] Loaded C:\WINDOWS\system32\d3d9.dll
d3d      I         d3d_disp.cpp:684  d3d_init_display                 [   0.06607] Render-to-texture: 1
d3d      I         d3d_disp.cpp:1782 d3d_create_display_locked        [   0.06672] faux_fullscreen=0
d3d      D         d3d_disp.cpp:1783 d3d_create_display_locked        [   0.06674] al_display=000000000140bef0
d3d      D         d3d_disp.cpp:1784 d3d_create_display_locked        [   0.06676] al_display->vt=000000000140bd80
d3d      I d3d_display_formats.cpp:144  _al_d3d_generate_display_format_list [   0.07257] found 128 format combinations
display  D   display_settings.c:212  debug_display_settings           [   0.07263] color: 32 (rgba 8880), depth: 0, stencil: 0, acc: 0000, samples: 0/0
display  D   display_settings.c:527  _al_score_display_settings       [   0.07265] Score is : 897
display  D   display_settings.c:212  debug_display_settings           [   0.07266] color: 32 (rgba 8880), depth: 0, stencil: 0, acc: 0000, samples: 0/0
display  D   display_settings.c:527  _al_score_display_settings       [   0.07267] Score is : 897
display  D   display_settings.c:212  debug_display_settings           [   0.07267] color: 32 (rgba 8880), depth: 0, stencil: 0, acc: 0000, samples: 2/1
display  D   display_settings.c:527  _al_score_display_settings       [   0.07268] Score is : 726
display  D   display_settings.c:212  debug_display_settings           [   0.07269] color: 32 (rgba 8880), depth: 0, stencil: 0, acc: 0000, samples: 3/1
display  D   display_settings.c:527  _al_score_display_settings       [   0.07270] Score is : 721
display  D   display_settings.c:212  debug_display_settings           [   0.07271] color: 32 (rgba 8880), depth: 24, stencil: 8, acc: 0000, samples: 0/0
display  D   display_settings.c:527  _al_score_display_settings       [   0.07272] Score is : 897
display  D   display_settings.c:212  debug_display_settings           [   0.07273] color: 32 (rgba 8880), depth: 24, stencil: 8, acc: 0000, samples: 0/0
display  D   display_settings.c:527  _al_score_display_settings       [   0.07274] Score is : 897
display  D   display_settings.c:212  debug_display_settings           [   0.07275] color: 32 (rgba 8880), depth: 24, stencil: 8, acc: 0000, samples: 2/1
display  D   display_settings.c:527  _al_score_display_settings       [   0.07276] Score is : 726
display  D   display_settings.c:212  debug_display_settings           [   0.07277] color: 32 (rgba 8880), depth: 24, stencil: 8, acc: 0000, samples: 3/1
display  D   display_settings.c:527  _al_score_display_settings       [   0.07278] Score is : 721
display  D   display_settings.c:212  debug_display_settings           [   0.07282] color: 32 (rgba 8880), depth: 24, stencil: 0, acc: 0000, samples: 0/0
display  D   display_settings.c:527  _al_score_display_settings       [   0.07284] Score is : 897
display  D   display_settings.c:212  debug_display_settings           [   0.07284] color: 32 (rgba 8880), depth: 24, stencil: 0, acc: 0000, samples: 0/0
display  D   display_settings.c:527  _al_score_display_settings       [   0.07285] Score is : 897
display  D   display_settings.c:212  debug_display_settings           [   0.07286] color: 32 (rgba 8880), depth: 24, stencil: 0, acc: 0000, samples: 2/1
display  D   display_settings.c:527  _al_score_display_settings       [   0.07287] Score is : 726
display  D   display_settings.c:212  debug_display_settings           [   0.07288] color: 32 (rgba 8880), depth: 24, stencil: 0, acc: 0000, samples: 3/1
display  D   display_settings.c:527  _al_score_display_settings       [   0.07289] Score is : 721
display  D   display_settings.c:212  debug_display_settings           [   0.07290] color: 32 (rgba 8880), depth: 16, stencil: 0, acc: 0000, samples: 0/0
display  D   display_settings.c:527  _al_score_display_settings       [   0.07291] Score is : 897
display  D   display_settings.c:212  debug_display_settings           [   0.07292] color: 32 (rgba 8880), depth: 16, stencil: 0, acc: 0000, samples: 0/0
display  D   display_settings.c:527  _al_score_display_settings       [   0.07293] Score is : 897
display  D   display_settings.c:212  debug_display_settings           [   0.07293] color: 32 (rgba 8880), depth: 16, stencil: 0, acc: 0000, samples: 2/1
display  D   display_settings.c:527  _al_score_display_settings       [   0.07295] Score is : 726
display  D   display_settings.c:212  debug_display_settings           [   0.07296] color: 32 (rgba 8880), depth: 16, stencil: 0, acc: 0000, samples: 3/1
display  D   display_settings.c:527  _al_score_display_settings       [   0.07297] Score is : 721
display  D   display_settings.c:212  debug_display_settings           [   0.07298] color: 16 (rgba 5650), depth: 0, stencil: 0, acc: 0000, samples: 0/0
display  D   display_settings.c:527  _al_score_display_settings       [   0.07299] Score is : 897
display  D   display_settings.c:212  debug_display_settings           [   0.07300] color: 16 (rgba 5650), depth: 0, stencil: 0, acc: 0000, samples: 0/0
display  D   display_settings.c:527  _al_score_display_settings       [   0.07301] Score is : 897
display  D   display_settings.c:212  debug_display_settings           [   0.07301] color: 16 (rgba 5650), depth: 0, stencil: 0, acc: 0000, samples: 2/1
display  D   display_settings.c:527  _al_score_display_settings       [   0.07302] Score is : 726
display  D   display_settings.c:212  debug_display_settings           [   0.07303] color: 16 (rgba 5650), depth: 0, stencil: 0, acc: 0000, samples: 3/1
display  D   display_settings.c:527  _al_score_display_settings       [   0.07304] Score is : 721
display  D   display_settings.c:212  debug_display_settings           [   0.07305] color: 16 (rgba 5650), depth: 24, stencil: 8, acc: 0000, samples: 0/0
display  D   display_settings.c:527  _al_score_display_settings       [   0.07306] Score is : 897
display  D   display_settings.c:212  debug_display_settings           [   0.07307] color: 16 (rgba 5650), depth: 24, stencil: 8, acc: 0000, samples: 0/0
display  D   display_settings.c:527  _al_score_display_settings       [   0.07308] Score is : 897
display  D   display_settings.c:212  debug_display_settings           [   0.07309] color: 16 (rgba 5650), depth: 24, stencil: 8, acc: 0000, samples: 2/1
display  D   display_settings.c:527  _al_score_display_settings       [   0.07310] Score is : 726
display  D   display_settings.c:212  debug_display_settings           [   0.07310] color: 16 (rgba 5650), depth: 24, stencil: 8, acc: 0000, samples: 3/1
display  D   display_settings.c:527  _al_score_display_settings       [   0.07311] Score is : 721
display  D   display_settings.c:212  debug_display_settings           [   0.07312] color: 16 (rgba 5650), depth: 24, stencil: 0, acc: 0000, samples: 0/0
display  D   display_settings.c:527  _al_score_display_settings       [   0.07313] Score is : 897
display  D   display_settings.c:212  debug_display_settings           [   0.07314] color: 16 (rgba 5650), depth: 24, stencil: 0, acc: 0000, samples: 0/0
display  D   display_settings.c:527  _al_score_display_settings       [   0.07315] Score is : 897
display  D   display_settings.c:212  debug_display_settings           [   0.07316] color: 16 (rgba 5650), depth: 24, stencil: 0, acc: 0000, samples: 2/1
display  D   display_settings.c:527  _al_score_display_settings       [   0.07317] Score is : 726
display  D   display_settings.c:212  debug_display_settings           [   0.07318] color: 16 (rgba 5650), depth: 24, stencil: 0, acc: 0000, samples: 3/1
display  D   display_settings.c:527  _al_score_display_settings       [   0.07319] Score is : 721
display  D   display_settings.c:212  debug_display_settings           [   0.07320] color: 16 (rgba 5650), depth: 16, stencil: 0, acc: 0000, samples: 0/0
display  D   display_settings.c:527  _al_score_display_settings       [   0.07320] Score is : 897
display  D   display_settings.c:212  debug_display_settings           [   0.07321] color: 16 (rgba 5650), depth: 16, stencil: 0, acc: 0000, samples: 0/0
display  D   display_settings.c:527  _al_score_display_settings       [   0.07322] Score is : 897
display  D   display_settings.c:212  debug_display_settings           [   0.07323] color: 16 (rgba 5650), depth: 16, stencil: 0, acc: 0000, samples: 2/1
display  D   display_settings.c:527  _al_score_display_settings       [   0.07324] Score is : 726
display  D   display_settings.c:212  debug_display_settings           [   0.07325] color: 16 (rgba 5650), depth: 16, stencil: 0, acc: 0000, samples: 3/1
display  D   display_settings.c:527  _al_score_display_settings       [   0.07326] Score is : 721
display  D   display_settings.c:212  debug_display_settings           [   0.07327] color: 32 (rgba 8880), depth: 0, stencil: 0, acc: 0000, samples: 0/0
display  D   display_settings.c:398  _al_score_display_settings       [   0.07328] Single Buffer requirement not met.
display  D   display_settings.c:212  debug_display_settings           [   0.07329] color: 32 (rgba 8880), depth: 0, stencil: 0, acc: 0000, samples: 0/0
display  D   display_settings.c:398  _al_score_display_settings       [   0.07330] Single Buffer requirement not met.
display  D   display_settings.c:212  debug_display_settings           [   0.07331] color: 32 (rgba 8880), depth: 0, stencil: 0, acc: 0000, samples: 2/1
display  D   display_settings.c:398  _al_score_display_settings       [   0.07332] Single Buffer requirement not met.
display  D   display_settings.c:212  debug_display_settings           [   0.07333] color: 32 (rgba 8880), depth: 0, stencil: 0, acc: 0000, samples: 3/1
display  D   display_settings.c:398  _al_score_display_settings       [   0.07334] Single Buffer requirement not met.
display  D   display_settings.c:212  debug_display_settings           [   0.07335] color: 32 (rgba 8880), depth: 24, stencil: 8, acc: 0000, samples: 0/0
display  D   display_settings.c:398  _al_score_display_settings       [   0.07336] Single Buffer requirement not met.
display  D   display_settings.c:212  debug_display_settings           [   0.07337] color: 32 (rgba 8880), depth: 24, stencil: 8, acc: 0000, samples: 0/0
display  D   display_settings.c:398  _al_score_display_settings       [   0.07338] Single Buffer requirement not met.
display  D   display_settings.c:212  debug_display_settings           [   0.07339] color: 32 (rgba 8880), depth: 24, stencil: 8, acc: 0000, samples: 2/1
display  D   display_settings.c:398  _al_score_display_settings       [   0.07340] Single Buffer requirement not met.
display  D   display_settings.c:212  debug_display_settings           [   0.07341] color: 32 (rgba 8880), depth: 24, stencil: 8, acc: 0000, samples: 3/1
display  D   display_settings.c:398  _al_score_display_settings       [   0.07342] Single Buffer requirement not met.
display  D   display_settings.c:212  debug_display_settings           [   0.07343] color: 32 (rgba 8880), depth: 24, stencil: 0, acc: 0000, samples: 0/0
display  D   display_settings.c:398  _al_score_display_settings       [   0.07344] Single Buffer requirement not met.
display  D   display_settings.c:212  debug_display_settings           [   0.07345] color: 32 (rgba 8880), depth: 24, stencil: 0, acc: 0000, samples: 0/0
display  D   display_settings.c:398  _al_score_display_settings       [   0.07346] Single Buffer requirement not met.
display  D   display_settings.c:212  debug_display_settings           [   0.07346] color: 32 (rgba 8880), depth: 24, stencil: 0, acc: 0000, samples: 2/1
display  D   display_settings.c:398  _al_score_display_settings       [   0.07347] Single Buffer requirement not met.
display  D   display_settings.c:212  debug_display_settings           [   0.07348] color: 32 (rgba 8880), depth: 24, stencil: 0, acc: 0000, samples: 3/1
display  D   display_settings.c:398  _al_score_display_settings       [   0.07349] Single Buffer requirement not met.
display  D   display_settings.c:212  debug_display_settings           [   0.07350] color: 32 (rgba 8880), depth: 16, stencil: 0, acc: 0000, samples: 0/0
display  D   display_settings.c:398  _al_score_display_settings       [   0.07351] Single Buffer requirement not met.
display  D   display_settings.c:212  debug_display_settings           [   0.07352] color: 32 (rgba 8880), depth: 16, stencil: 0, acc: 0000, samples: 0/0
display  D   display_settings.c:398  _al_score_display_settings       [   0.07353] Single Buffer requirement not met.
display  D   display_settings.c:212  debug_display_settings           [   0.07354] color: 32 (rgba 8880), depth: 16, stencil: 0, acc: 0000, samples: 2/1
display  D   display_settings.c:398  _al_score_display_settings       [   0.07355] Single Buffer requirement not met.
display  D   display_settings.c:212  debug_display_settings           [   0.07356] color: 32 (rgba 8880), depth: 16, stencil: 0, acc: 0000, samples: 3/1
display  D   display_settings.c:398  _al_score_display_settings       [   0.07357] Single Buffer requirement not met.
display  D   display_settings.c:212  debug_display_settings           [   0.07359] color: 16 (rgba 5650), depth: 0, stencil: 0, acc: 0000, samples: 0/0
display  D   display_settings.c:398  _al_score_display_settings       [   0.07360] Single Buffer requirement not met.
display  D   display_settings.c:212  debug_display_settings           [   0.07361] color: 16 (rgba 5650), depth: 0, stencil: 0, acc: 0000, samples: 0/0
display  D   display_settings.c:398  _al_score_display_settings       [   0.07362] Single Buffer requirement not met.
display  D   display_settings.c:212  debug_display_settings           [   0.07362] color: 16 (rgba 5650), depth: 0, stencil: 0, acc: 0000, samples: 2/1
display  D   display_settings.c:398  _al_score_display_settings       [   0.07363] Single Buffer requirement not met.
display  D   display_settings.c:212  debug_display_settings           [   0.07364] color: 16 (rgba 5650), depth: 0, stencil: 0, acc: 0000, samples: 3/1
display  D   display_settings.c:398  _al_score_display_settings       [   0.07365] Single Buffer requirement not met.
display  D   display_settings.c:212  debug_display_settings           [   0.07366] color: 16 (rgba 5650), depth: 24, stencil: 8, acc: 0000, samples: 0/0
display  D   display_settings.c:398  _al_score_display_settings       [   0.07367] Single Buffer requirement not met.
display  D   display_settings.c:212  debug_display_settings           [   0.07368] color: 16 (rgba 5650), depth: 24, stencil: 8, acc: 0000, samples: 0/0
display  D   display_settings.c:398  _al_score_display_settings       [   0.07369] Single Buffer requirement not met.
display  D   display_settings.c:212  debug_display_settings           [   0.07370] color: 16 (rgba 5650), depth: 24, stencil: 8, acc: 0000, samples: 2/1
display  D   display_settings.c:398  _al_score_display_settings       [   0.07371] Single Buffer requirement not met.
display  D   display_settings.c:212  debug_display_settings           [   0.07373] color: 16 (rgba 5650), depth: 24, stencil: 8, acc: 0000, samples: 3/1
display  D   display_settings.c:398  _al_score_display_settings       [   0.07374] Single Buffer requirement not met.
display  D   display_settings.c:212  debug_display_settings           [   0.07375] color: 16 (rgba 5650), depth: 24, stencil: 0, acc: 0000, samples: 0/0
display  D   display_settings.c:398  _al_score_display_settings       [   0.07376] Single Buffer requirement not met.
display  D   display_settings.c:212  debug_display_settings           [   0.07377] color: 16 (rgba 5650), depth: 24, stencil: 0, acc: 0000, samples: 0/0
display  D   display_settings.c:398  _al_score_display_settings       [   0.07378] Single Buffer requirement not met.
display  D   display_settings.c:212  debug_display_settings           [   0.07379] color: 16 (rgba 5650), depth: 24, stencil: 0, acc: 0000, samples: 2/1
display  D   display_settings.c:398  _al_score_display_settings       [   0.07380] Single Buffer requirement not met.
display  D   display_settings.c:212  debug_display_settings           [   0.07381] color: 16 (rgba 5650), depth: 24, stencil: 0, acc: 0000, samples: 3/1
display  D   display_settings.c:398  _al_score_display_settings       [   0.07382] Single Buffer requirement not met.
display  D   display_settings.c:212  debug_display_settings           [   0.07383] color: 16 (rgba 5650), depth: 16, stencil: 0, acc: 0000, samples: 0/0
display  D   display_settings.c:398  _al_score_display_settings       [   0.07384] Single Buffer requirement not met.
display  D   display_settings.c:212  debug_display_settings           [   0.07385] color: 16 (rgba 5650), depth: 16, stencil: 0, acc: 0000, samples: 0/0
display  D   display_settings.c:398  _al_score_display_settings       [   0.07386] Single Buffer requirement not met.
display  D   display_settings.c:212  debug_display_settings           [   0.07387] color: 16 (rgba 5650), depth: 16, stencil: 0, acc: 0000, samples: 2/1
display  D   display_settings.c:398  _al_score_display_settings       [   0.07388] Single Buffer requirement not met.
display  D   display_settings.c:212  debug_display_settings           [   0.07389] color: 16 (rgba 5650), depth: 16, stencil: 0, acc: 0000, samples: 3/1
display  D   display_settings.c:398  _al_score_display_settings       [   0.07390] Single Buffer requirement not met.
display  D   display_settings.c:212  debug_display_settings           [   0.07391] color: 32 (rgba 8880), depth: 0, stencil: 0, acc: 0000, samples: 0/0
display  D   display_settings.c:527  _al_score_display_settings       [   0.07392] Score is : 769
display  D   display_settings.c:212  debug_display_settings           [   0.07393] color: 32 (rgba 8880), depth: 0, stencil: 0, acc: 0000, samples: 0/0
display  D   display_settings.c:527  _al_score_display_settings       [   0.07394] Score is : 769
display  D   display_settings.c:212  debug_display_settings           [   0.07395] color: 32 (rgba 8880), depth: 0, stencil: 0, acc: 0000, samples: 2/1
display  D   display_settings.c:527  _al_score_display_settings       [   0.07396] Score is : 598
display  D   display_settings.c:212  debug_display_settings           [   0.07397] color: 32 (rgba 8880), depth: 0, stencil: 0, acc: 0000, samples: 3/1
display  D   display_settings.c:527  _al_score_display_settings       [   0.07398] Score is : 593
display  D   display_settings.c:212  debug_display_settings           [   0.07398] color: 32 (rgba 8880), depth: 24, stencil: 8, acc: 0000, samples: 0/0
display  D   display_settings.c:527  _al_score_display_settings       [   0.07399] Score is : 769
display  D   display_settings.c:212  debug_display_settings           [   0.07400] color: 32 (rgba 8880), depth: 24, stencil: 8, acc: 0000, samples: 0/0
display  D   display_settings.c:527  _al_score_display_settings       [   0.07401] Score is : 769
display  D   display_settings.c:212  debug_display_settings           [   0.07402] color: 32 (rgba 8880), depth: 24, stencil: 8, acc: 0000, samples: 2/1
display  D   display_settings.c:527  _al_score_display_settings       [   0.07403] Score is : 598
display  D   display_settings.c:212  debug_display_settings           [   0.07404] color: 32 (rgba 8880), depth: 24, stencil: 8, acc: 0000, samples: 3/1
display  D   display_settings.c:527  _al_score_display_settings       [   0.07405] Score is : 593
display  D   display_settings.c:212  debug_display_settings           [   0.07406] color: 32 (rgba 8880), depth: 24, stencil: 0, acc: 0000, samples: 0/0
display  D   display_settings.c:527  _al_score_display_settings       [   0.07407] Score is : 769
display  D   display_settings.c:212  debug_display_settings           [   0.07408] color: 32 (rgba 8880), depth: 24, stencil: 0, acc: 0000, samples: 0/0
display  D   display_settings.c:527  _al_score_display_settings       [   0.07409] Score is : 769
display  D   display_settings.c:212  debug_display_settings           [   0.07410] color: 32 (rgba 8880), depth: 24, stencil: 0, acc: 0000, samples: 2/1
display  D   display_settings.c:527  _al_score_display_settings       [   0.07411] Score is : 598
display  D   display_settings.c:212  debug_display_settings           [   0.07412] color: 32 (rgba 8880), depth: 24, stencil: 0, acc: 0000, samples: 3/1
display  D   display_settings.c:527  _al_score_display_settings       [   0.07413] Score is : 593
display  D   display_settings.c:212  debug_display_settings           [   0.07414] color: 32 (rgba 8880), depth: 16, stencil: 0, acc: 0000, samples: 0/0
display  D   display_settings.c:527  _al_score_display_settings       [   0.07415] Score is : 769
display  D   display_settings.c:212  debug_display_settings           [   0.07416] color: 32 (rgba 8880), depth: 16, stencil: 0, acc: 0000, samples: 0/0
display  D   display_settings.c:527  _al_score_display_settings       [   0.07417] Score is : 769
display  D   display_settings.c:212  debug_display_settings           [   0.07418] color: 32 (rgba 8880), depth: 16, stencil: 0, acc: 0000, samples: 2/1
display  D   display_settings.c:527  _al_score_display_settings       [   0.07419] Score is : 598
display  D   display_settings.c:212  debug_display_settings           [   0.07420] color: 32 (rgba 8880), depth: 16, stencil: 0, acc: 0000, samples: 3/1
display  D   display_settings.c:527  _al_score_display_settings       [   0.07421] Score is : 593
display  D   display_settings.c:212  debug_display_settings           [   0.07422] color: 16 (rgba 5650), depth: 0, stencil: 0, acc: 0000, samples: 0/0
display  D   display_settings.c:527  _al_score_display_settings       [   0.07423] Score is : 769
display  D   display_settings.c:212  debug_display_settings           [   0.07424] color: 16 (rgba 5650), depth: 0, stencil: 0, acc: 0000, samples: 0/0
display  D   display_settings.c:527  _al_score_display_settings       [   0.07425] Score is : 769
display  D   display_settings.c:212  debug_display_settings           [   0.07426] color: 16 (rgba 5650), depth: 0, stencil: 0, acc: 0000, samples: 2/1
display  D   display_settings.c:527  _al_score_display_settings       [   0.07427] Score is : 598
display  D   display_settings.c:212  debug_display_settings           [   0.07428] color: 16 (rgba 5650), depth: 0, stencil: 0, acc: 0000, samples: 3/1
display  D   display_settings.c:527  _al_score_display_settings       [   0.07429] Score is : 593
display  D   display_settings.c:212  debug_display_settings           [   0.07430] color: 16 (rgba 5650), depth: 24, stencil: 8, acc: 0000, samples: 0/0
display  D   display_settings.c:527  _al_score_display_settings       [   0.07431] Score is : 769
display  D   display_settings.c:212  debug_display_settings           [   0.07431] color: 16 (rgba 5650), depth: 24, stencil: 8, acc: 0000, samples: 0/0
display  D   display_settings.c:527  _al_score_display_settings       [   0.07432] Score is : 769
display  D   display_settings.c:212  debug_display_settings           [   0.07433] color: 16 (rgba 5650), depth: 24, stencil: 8, acc: 0000, samples: 2/1
display  D   display_settings.c:527  _al_score_display_settings       [   0.07434] Score is : 598
display  D   display_settings.c:212  debug_display_settings           [   0.07435] color: 16 (rgba 5650), depth: 24, stencil: 8, acc: 0000, samples: 3/1
display  D   display_settings.c:527  _al_score_display_settings       [   0.07436] Score is : 593
display  D   display_settings.c:212  debug_display_settings           [   0.07437] color: 16 (rgba 5650), depth: 24, stencil: 0, acc: 0000, samples: 0/0
display  D   display_settings.c:527  _al_score_display_settings       [   0.07438] Score is : 769
display  D   display_settings.c:212  debug_display_settings           [   0.07439] color: 16 (rgba 5650), depth: 24, stencil: 0, acc: 0000, samples: 0/0
display  D   display_settings.c:527  _al_score_display_settings       [   0.07440] Score is : 769
display  D   display_settings.c:212  debug_display_settings           [   0.07441] color: 16 (rgba 5650), depth: 24, stencil: 0, acc: 0000, samples: 2/1
display  D   display_settings.c:527  _al_score_display_settings       [   0.07442] Score is : 598
display  D   display_settings.c:212  debug_display_settings           [   0.07442] color: 16 (rgba 5650), depth: 24, stencil: 0, acc: 0000, samples: 3/1
display  D   display_settings.c:527  _al_score_display_settings       [   0.07443] Score is : 593
display  D   display_settings.c:212  debug_display_settings           [   0.07444] color: 16 (rgba 5650), depth: 16, stencil: 0, acc: 0000, samples: 0/0
display  D   display_settings.c:527  _al_score_display_settings       [   0.07445] Score is : 769
display  D   display_settings.c:212  debug_display_settings           [   0.07446] color: 16 (rgba 5650), depth: 16, stencil: 0, acc: 0000, samples: 0/0
display  D   display_settings.c:527  _al_score_display_settings       [   0.07447] Score is : 769
display  D   display_settings.c:212  debug_display_settings           [   0.07448] color: 16 (rgba 5650), depth: 16, stencil: 0, acc: 0000, samples: 2/1
display  D   display_settings.c:527  _al_score_display_settings       [   0.07449] Score is : 598
display  D   display_settings.c:212  debug_display_settings           [   0.07450] color: 16 (rgba 5650), depth: 16, stencil: 0, acc: 0000, samples: 3/1
display  D   display_settings.c:527  _al_score_display_settings       [   0.07451] Score is : 593
display  D   display_settings.c:212  debug_display_settings           [   0.07452] color: 32 (rgba 8880), depth: 0, stencil: 0, acc: 0000, samples: 0/0
display  D   display_settings.c:398  _al_score_display_settings       [   0.07453] Single Buffer requirement not met.
display  D   display_settings.c:212  debug_display_settings           [   0.07454] color: 32 (rgba 8880), depth: 0, stencil: 0, acc: 0000, samples: 0/0
display  D   display_settings.c:398  _al_score_display_settings       [   0.07455] Single Buffer requirement not met.
display  D   display_settings.c:212  debug_display_settings           [   0.07456] color: 32 (rgba 8880), depth: 0, stencil: 0, acc: 0000, samples: 2/1
display  D   display_settings.c:398  _al_score_display_settings       [   0.07457] Single Buffer requirement not met.
display  D   display_settings.c:212  debug_display_settings           [   0.07458] color: 32 (rgba 8880), depth: 0, stencil: 0, acc: 0000, samples: 3/1
display  D   display_settings.c:398  _al_score_display_settings       [   0.07459] Single Buffer requirement not met.
display  D   display_settings.c:212  debug_display_settings           [   0.07460] color: 32 (rgba 8880), depth: 24, stencil: 8, acc: 0000, samples: 0/0
display  D   display_settings.c:398  _al_score_display_settings       [   0.07461] Single Buffer requirement not met.
display  D   display_settings.c:212  debug_display_settings           [   0.07462] color: 32 (rgba 8880), depth: 24, stencil: 8, acc: 0000, samples: 0/0
display  D   display_settings.c:398  _al_score_display_settings       [   0.07463] Single Buffer requirement not met.
display  D   display_settings.c:212  debug_display_settings           [   0.07464] color: 32 (rgba 8880), depth: 24, stencil: 8, acc: 0000, samples: 2/1
display  D   display_settings.c:398  _al_score_display_settings       [   0.07466] Single Buffer requirement not met.
display  D   display_settings.c:212  debug_display_settings           [   0.07467] color: 32 (rgba 8880), depth: 24, stencil: 8, acc: 0000, samples: 3/1
display  D   display_settings.c:398  _al_score_display_settings       [   0.07468] Single Buffer requirement not met.
display  D   display_settings.c:212  debug_display_settings           [   0.07469] color: 32 (rgba 8880), depth: 24, stencil: 0, acc: 0000, samples: 0/0
display  D   display_settings.c:398  _al_score_display_settings       [   0.07470] Single Buffer requirement not met.
display  D   display_settings.c:212  debug_display_settings           [   0.07471] color: 32 (rgba 8880), depth: 24, stencil: 0, acc: 0000, samples: 0/0
display  D   display_settings.c:398  _al_score_display_settings       [   0.07471] Single Buffer requirement not met.
display  D   display_settings.c:212  debug_display_settings           [   0.07472] color: 32 (rgba 8880), depth: 24, stencil: 0, acc: 0000, samples: 2/1
display  D   display_settings.c:398  _al_score_display_settings       [   0.07473] Single Buffer requirement not met.
display  D   display_settings.c:212  debug_display_settings           [   0.07474] color: 32 (rgba 8880), depth: 24, stencil: 0, acc: 0000, samples: 3/1
display  D   display_settings.c:398  _al_score_display_settings       [   0.07475] Single Buffer requirement not met.
display  D   display_settings.c:212  debug_display_settings           [   0.07476] color: 32 (rgba 8880), depth: 16, stencil: 0, acc: 0000, samples: 0/0
display  D   display_settings.c:398  _al_score_display_settings       [   0.07477] Single Buffer requirement not met.
display  D   display_settings.c:212  debug_display_settings           [   0.07478] color: 32 (rgba 8880), depth: 16, stencil: 0, acc: 0000, samples: 0/0
display  D   display_settings.c:398  _al_score_display_settings       [   0.07479] Single Buffer requirement not met.
display  D   display_settings.c:212  debug_display_settings           [   0.07480] color: 32 (rgba 8880), depth: 16, stencil: 0, acc: 0000, samples: 2/1
display  D   display_settings.c:398  _al_score_display_settings       [   0.07481] Single Buffer requirement not met.
display  D   display_settings.c:212  debug_display_settings           [   0.07482] color: 32 (rgba 8880), depth: 16, stencil: 0, acc: 0000, samples: 3/1
display  D   display_settings.c:398  _al_score_display_settings       [   0.07483] Single Buffer requirement not met.
display  D   display_settings.c:212  debug_display_settings           [   0.07484] color: 16 (rgba 5650), depth: 0, stencil: 0, acc: 0000, samples: 0/0
display  D   display_settings.c:398  _al_score_display_settings       [   0.07485] Single Buffer requirement not met.
display  D   display_settings.c:212  debug_display_settings           [   0.07486] color: 16 (rgba 5650), depth: 0, stencil: 0, acc: 0000, samples: 0/0
display  D   display_settings.c:398  _al_score_display_settings       [   0.07487] Single Buffer requirement not met.
display  D   display_settings.c:212  debug_display_settings           [   0.07488] color: 16 (rgba 5650), depth: 0, stencil: 0, acc: 0000, samples: 2/1
display  D   display_settings.c:398  _al_score_display_settings       [   0.07489] Single Buffer requirement not met.
display  D   display_settings.c:212  debug_display_settings           [   0.07490] color: 16 (rgba 5650), depth: 0, stencil: 0, acc: 0000, samples: 3/1
display  D   display_settings.c:398  _al_score_display_settings       [   0.07491] Single Buffer requirement not met.
display  D   display_settings.c:212  debug_display_settings           [   0.07492] color: 16 (rgba 5650), depth: 24, stencil: 8, acc: 0000, samples: 0/0
display  D   display_settings.c:398  _al_score_display_settings       [   0.07493] Single Buffer requirement not met.
display  D   display_settings.c:212  debug_display_settings           [   0.07495] color: 16 (rgba 5650), depth: 24, stencil: 8, acc: 0000, samples: 0/0
display  D   display_settings.c:398  _al_score_display_settings       [   0.07497] Single Buffer requirement not met.
display  D   display_settings.c:212  debug_display_settings           [   0.07498] color: 16 (rgba 5650), depth: 24, stencil: 8, acc: 0000, samples: 2/1
display  D   display_settings.c:398  _al_score_display_settings       [   0.07499] Single Buffer requirement not met.
display  D   display_settings.c:212  debug_display_settings           [   0.07500] color: 16 (rgba 5650), depth: 24, stencil: 8, acc: 0000, samples: 3/1
display  D   display_settings.c:398  _al_score_display_settings       [   0.07501] Single Buffer requirement not met.
display  D   display_settings.c:212  debug_display_settings           [   0.07502] color: 16 (rgba 5650), depth: 24, stencil: 0, acc: 0000, samples: 0/0
display  D   display_settings.c:398  _al_score_display_settings       [   0.07503] Single Buffer requirement not met.
display  D   display_settings.c:212  debug_display_settings           [   0.07504] color: 16 (rgba 5650), depth: 24, stencil: 0, acc: 0000, samples: 0/0
display  D   display_settings.c:398  _al_score_display_settings       [   0.07505] Single Buffer requirement not met.
display  D   display_settings.c:212  debug_display_settings           [   0.07506] color: 16 (rgba 5650), depth: 24, stencil: 0, acc: 0000, samples: 2/1
display  D   display_settings.c:398  _al_score_display_settings       [   0.07507] Single Buffer requirement not met.
display  D   display_settings.c:212  debug_display_settings           [   0.07508] color: 16 (rgba 5650), depth: 24, stencil: 0, acc: 0000, samples: 3/1
display  D   display_settings.c:398  _al_score_display_settings       [   0.07509] Single Buffer requirement not met.
display  D   display_settings.c:212  debug_display_settings           [   0.07510] color: 16 (rgba 5650), depth: 16, stencil: 0, acc: 0000, samples: 0/0
display  D   display_settings.c:398  _al_score_display_settings       [   0.07511] Single Buffer requirement not met.
display  D   display_settings.c:212  debug_display_settings           [   0.07512] color: 16 (rgba 5650), depth: 16, stencil: 0, acc: 0000, samples: 0/0
display  D   display_settings.c:398  _al_score_display_settings       [   0.07513] Single Buffer requirement not met.
display  D   display_settings.c:212  debug_display_settings           [   0.07514] color: 16 (rgba 5650), depth: 16, stencil: 0, acc: 0000, samples: 2/1
display  D   display_settings.c:398  _al_score_display_settings       [   0.07515] Single Buffer requirement not met.
display  D   display_settings.c:212  debug_display_settings           [   0.07516] color: 16 (rgba 5650), depth: 16, stencil: 0, acc: 0000, samples: 3/1
display  D   display_settings.c:398  _al_score_display_settings       [   0.07517] Single Buffer requirement not met.
d3d      D         d3d_disp.cpp:1682 d3d_create_display_internals     [   0.07519] Trying format 0.
d3d      I         d3d_disp.cpp:1358 d3d_display_thread_proc          [   0.07569] Chose a display format: 23
d3d      I         d3d_disp.cpp:1427 d3d_display_thread_proc          [   0.07579] Normal window.
d3d      I         d3d_disp.cpp:791  d3d_create_device                [   0.11138] Using no depth stencil buffer
d3d      D         d3d_disp.cpp:853  d3d_create_device                [   0.13635] BeginScene succeeded in create_device
d3d      D         d3d_disp.cpp:861  d3d_create_device                [   0.13642] Success
d3d      D         d3d_disp.cpp:1705 d3d_create_display_internals     [   0.13646] Resumed after wait.
d3d      I         d3d_disp.cpp:1738 d3d_create_display_internals     [   0.13651] Format 0 succeeded.
d3d      D         d3d_disp.cpp:1769 d3d_create_display_internals     [   0.13653] Returning d3d_display: 000000000140bef0
d3d      D         d3d_disp.cpp:1794 d3d_create_display_locked        [   0.13654] al_display=000000000140bef0
d3d      D         d3d_disp.cpp:1795 d3d_create_display_locked        [   0.13655] al_display->vt=000000000140bd80
system   D            wsystem.c:874  _al_win_safe_load_library        [   0.13677] PathFindOnPath found: C:\WINDOWS\system32\d3dx9_43.dll
system   D            wsystem.c:780  load_library_at_path             [   0.13678] Calling LoadLibrary C:\WINDOWS\system32\d3dx9_43.dll
system   I            wsystem.c:783  load_library_at_path             [   0.13705] Loaded C:\WINDOWS\system32\d3dx9_43.dll
d3dx9    I        d3d_d3dx9.cpp:88   _imp_load_d3dx9_module_version   [   0.13707] Module "d3dx9_43.dll" loaded.
dtor     D               dtor.c:196  _al_register_destructor          [   0.13710] added dtor for timer 0000000002be3510, func 00007ffd148ffb3b
dtor     D               dtor.c:196  _al_register_destructor          [   0.13712] added dtor for queue 0000000002be35c0, func 00007ffd148ec5dc
stdio    D         file_stdio.c:110  file_stdio_fopen                 [   0.13789] opening ./assets/image/game_icon.png rb
stdio    D         file_stdio.c:110  file_stdio_fopen                 [   0.13809] opening ./assets/image/game_icon.png rb
d3d      D         d3d_disp.cpp:1202 real_choose_bitmap_format        [   0.13819] Fake format
d3d      D         d3d_disp.cpp:1202 real_choose_bitmap_format        [   0.13820] Fake format
d3d      D         d3d_disp.cpp:1202 real_choose_bitmap_format        [   0.13820] Fake format
d3d      D         d3d_disp.cpp:1202 real_choose_bitmap_format        [   0.13821] Fake format
d3d      D         d3d_disp.cpp:1202 real_choose_bitmap_format        [   0.13822] Fake format
d3d      D         d3d_disp.cpp:1202 real_choose_bitmap_format        [   0.13823] Fake format
d3d      D         d3d_disp.cpp:1202 real_choose_bitmap_format        [   0.13823] Fake format
d3d      D         d3d_disp.cpp:1202 real_choose_bitmap_format        [   0.13824] Fake format
d3d      D         d3d_disp.cpp:1202 real_choose_bitmap_format        [   0.13825] Fake format
d3d      D         d3d_disp.cpp:1210 real_choose_bitmap_format        [   0.13826] Alpha doesn't match
d3d      D         d3d_disp.cpp:1217 real_choose_bitmap_format        [   0.13826] Adapter format is 23
d3d      D         d3d_disp.cpp:1220 real_choose_bitmap_format        [   0.13827] Found a format
d3d      I         d3d_disp.cpp:2391 d3d_create_bitmap                [   0.13828] Chose bitmap format 9
dtor     D               dtor.c:196  _al_register_destructor          [   0.13860] added dtor for bitmap 0000000002be7620, func 00007ffd148c1bea
d3d      D         d3d_disp.cpp:1202 real_choose_bitmap_format        [   0.14321] Fake format
d3d      D         d3d_disp.cpp:1202 real_choose_bitmap_format        [   0.14331] Fake format
d3d      D         d3d_disp.cpp:1202 real_choose_bitmap_format        [   0.14332] Fake format
d3d      D         d3d_disp.cpp:1202 real_choose_bitmap_format        [   0.14332] Fake format
d3d      D         d3d_disp.cpp:1202 real_choose_bitmap_format        [   0.14333] Fake format
d3d      D         d3d_disp.cpp:1202 real_choose_bitmap_format        [   0.14334] Fake format
d3d      D         d3d_disp.cpp:1202 real_choose_bitmap_format        [   0.14335] Fake format
d3d      D         d3d_disp.cpp:1202 real_choose_bitmap_format        [   0.14335] Fake format
d3d      D         d3d_disp.cpp:1202 real_choose_bitmap_format        [   0.14336] Fake format
d3d      D         d3d_disp.cpp:1210 real_choose_bitmap_format        [   0.14337] Alpha doesn't match
d3d      D         d3d_disp.cpp:1217 real_choose_bitmap_format        [   0.14338] Adapter format is 23
d3d      D         d3d_disp.cpp:1220 real_choose_bitmap_format        [   0.14339] Found a format
d3d      I         d3d_disp.cpp:2391 d3d_create_bitmap                [   0.14339] Chose bitmap format 9
dtor     D               dtor.c:196  _al_register_destructor          [   0.14382] added dtor for bitmap 0000000002be3690, func 00007ffd148c1bea
d3d      D          d3d_bmp.cpp:539  _al_d3d_sync_bitmap              [   0.14815] _al_d3d_sync_bitmap (system) ref count == 1
d3d      D          d3d_bmp.cpp:545  _al_d3d_sync_bitmap              [   0.14823] _al_d3d_sync_bitmap (video) ref count == 1
dtor     D               dtor.c:227  _al_unregister_destructor        [   0.14997] removed dtor for bitmap 0000000002be3690
d3d      D         d3d_disp.cpp:1202 real_choose_bitmap_format        [   0.15032] Fake format
d3d      D         d3d_disp.cpp:1202 real_choose_bitmap_format        [   0.15036] Fake format
d3d      D         d3d_disp.cpp:1202 real_choose_bitmap_format        [   0.15038] Fake format
d3d      D         d3d_disp.cpp:1202 real_choose_bitmap_format        [   0.15040] Fake format
d3d      D         d3d_disp.cpp:1202 real_choose_bitmap_format        [   0.15042] Fake format
d3d      D         d3d_disp.cpp:1202 real_choose_bitmap_format        [   0.15044] Fake format
d3d      D         d3d_disp.cpp:1202 real_choose_bitmap_format        [   0.15045] Fake format
d3d      D         d3d_disp.cpp:1202 real_choose_bitmap_format        [   0.15047] Fake format
d3d      D         d3d_disp.cpp:1202 real_choose_bitmap_format        [   0.15049] Fake format
d3d      D         d3d_disp.cpp:1210 real_choose_bitmap_format        [   0.15050] Alpha doesn't match
d3d      D         d3d_disp.cpp:1217 real_choose_bitmap_format        [   0.15052] Adapter format is 23
d3d      D         d3d_disp.cpp:1220 real_choose_bitmap_format        [   0.15054] Found a format
d3d      I         d3d_disp.cpp:2391 d3d_create_bitmap                [   0.15055] Chose bitmap format 9
dtor     D               dtor.c:196  _al_register_destructor          [   0.15076] added dtor for bitmap 0000000002be3690, func 00007ffd148c1bea
d3d      D          d3d_bmp.cpp:539  _al_d3d_sync_bitmap              [   0.15541] _al_d3d_sync_bitmap (system) ref count == 1
d3d      D          d3d_bmp.cpp:545  _al_d3d_sync_bitmap              [   0.15566] _al_d3d_sync_bitmap (video) ref count == 1
dtor     D               dtor.c:227  _al_unregister_destructor        [   0.15705] removed dtor for bitmap 0000000002be3690
audio-dsound D           dsound.cpp:311  _dsound_allocate_voice           [   0.15746] Allocating voice
audio-dsound D           dsound.cpp:370  _dsound_allocate_voice           [   0.15751] Allocated voice
dtor     D               dtor.c:196  _al_register_destructor          [   0.15754] added dtor for voice 0000000002be3a90, func 00007ffd149f5024
dtor     D               dtor.c:196  _al_register_destructor          [   0.15756] added dtor for mixer 0000000002be3bd0, func 00007ffd149f04dc
audio-dsound D           dsound.cpp:466  _dsound_start_voice              [   0.15759] Starting voice
audio-dsound D           dsound.cpp:494  _dsound_start_voice              [   0.15762] CreateSoundBuffer
audio-dsound D           dsound.cpp:502  _dsound_start_voice              [   0.15893] CreateSoundBuffer succeeded
audio-dsound D           dsound.cpp:508  _dsound_start_voice              [   0.15899] Starting _dsound_update thread
audio-dsound I           dsound.cpp:518  _dsound_start_voice              [   0.15904] Voice started
dtor     D               dtor.c:196  _al_register_destructor          [   0.15906] added dtor for sample_instance 0000000002be42d0, func 00007ffd149e929b
audio    D          kcm_mixer.c:121  _al_rechannel_matrix             [   0.15907] sample matrix:
audio    D          kcm_mixer.c:127  _al_rechannel_matrix             [   0.15908] 
audio    D          kcm_mixer.c:127  _al_rechannel_matrix             [   0.15909] 
dtor     D               dtor.c:196  _al_register_destructor          [   0.15910] added dtor for sample_instance 0000000002be43f0, func 00007ffd149e929b
audio    D          kcm_mixer.c:121  _al_rechannel_matrix             [   0.15911] sample matrix:
audio    D          kcm_mixer.c:127  _al_rechannel_matrix             [   0.15912] 
audio    D          kcm_mixer.c:127  _al_rechannel_matrix             [   0.15912] 
dtor     D               dtor.c:196  _al_register_destructor          [   0.15913] added dtor for sample_instance 0000000002be4510, func 00007ffd149e929b
audio    D          kcm_mixer.c:121  _al_rechannel_matrix             [   0.15915] sample matrix:
audio    D          kcm_mixer.c:127  _al_rechannel_matrix             [   0.15916] 
audio    D          kcm_mixer.c:127  _al_rechannel_matrix             [   0.15916] 
dtor     D               dtor.c:196  _al_register_destructor          [   0.15917] added dtor for sample_instance 0000000002be4630, func 00007ffd149e929b
audio    D          kcm_mixer.c:121  _al_rechannel_matrix             [   0.15918] sample matrix:
audio    D          kcm_mixer.c:127  _al_rechannel_matrix             [   0.15919] 
audio    D          kcm_mixer.c:127  _al_rechannel_matrix             [   0.15920] 
dtor     D               dtor.c:196  _al_register_destructor          [   0.15920] added dtor for sample_instance 0000000002be47e0, func 00007ffd149e929b
audio    D          kcm_mixer.c:121  _al_rechannel_matrix             [   0.15921] sample matrix:
audio    D          kcm_mixer.c:127  _al_rechannel_matrix             [   0.15922] 
audio    D          kcm_mixer.c:127  _al_rechannel_matrix             [   0.15923] 
dtor     D               dtor.c:196  _al_register_destructor          [   0.15924] added dtor for sample_instance 0000000002be4900, func 00007ffd149e929b
audio    D          kcm_mixer.c:121  _al_rechannel_matrix             [   0.15925] sample matrix:
audio    D          kcm_mixer.c:127  _al_rechannel_matrix             [   0.15925] 
audio    D          kcm_mixer.c:127  _al_rechannel_matrix             [   0.15926] 
dtor     D               dtor.c:196  _al_register_destructor          [   0.15927] added dtor for sample_instance 0000000002be4a20, func 00007ffd149e929b
audio    D          kcm_mixer.c:121  _al_rechannel_matrix             [   0.15928] sample matrix:
audio    D          kcm_mixer.c:127  _al_rechannel_matrix             [   0.15929] 
audio    D          kcm_mixer.c:127  _al_rechannel_matrix             [   0.15929] 
dtor     D               dtor.c:196  _al_register_destructor          [   0.15930] added dtor for sample_instance 0000000002be4b40, func 00007ffd149e929b
audio    D          kcm_mixer.c:121  _al_rechannel_matrix             [   0.15931] sample matrix:
audio    D          kcm_mixer.c:127  _al_rechannel_matrix             [   0.15932] 
audio    D          kcm_mixer.c:127  _al_rechannel_matrix             [   0.15933] 
dtor     D               dtor.c:196  _al_register_destructor          [   0.15933] added dtor for sample_instance 0000000002be4d70, func 00007ffd149e929b
audio    D          kcm_mixer.c:121  _al_rechannel_matrix             [   0.15934] sample matrix:
audio    D          kcm_mixer.c:127  _al_rechannel_matrix             [   0.15935] 
audio    D          kcm_mixer.c:127  _al_rechannel_matrix             [   0.15936] 
dtor     D               dtor.c:196  _al_register_destructor          [   0.15937] added dtor for sample_instance 0000000002be4e90, func 00007ffd149e929b
audio    D          kcm_mixer.c:121  _al_rechannel_matrix             [   0.15938] sample matrix:
audio    D          kcm_mixer.c:127  _al_rechannel_matrix             [   0.15939] 
audio    D          kcm_mixer.c:127  _al_rechannel_matrix             [   0.15940] 
dtor     D               dtor.c:196  _al_register_destructor          [   0.15940] added dtor for sample_instance 0000000002be4fb0, func 00007ffd149e929b
audio    D          kcm_mixer.c:121  _al_rechannel_matrix             [   0.15941] sample matrix:
audio    D          kcm_mixer.c:127  _al_rechannel_matrix             [   0.15942] 
audio    D          kcm_mixer.c:127  _al_rechannel_matrix             [   0.15943] 
dtor     D               dtor.c:196  _al_register_destructor          [   0.15944] added dtor for sample_instance 0000000002be5bf0, func 00007ffd149e929b
audio    D          kcm_mixer.c:121  _al_rechannel_matrix             [   0.15945] sample matrix:
audio    D          kcm_mixer.c:127  _al_rechannel_matrix             [   0.15945] 
audio    D          kcm_mixer.c:127  _al_rechannel_matrix             [   0.15946] 
dtor     D               dtor.c:196  _al_register_destructor          [   0.15947] added dtor for sample_instance 0000000002be5d10, func 00007ffd149e929b
audio    D          kcm_mixer.c:121  _al_rechannel_matrix             [   0.15948] sample matrix:
audio    D          kcm_mixer.c:127  _al_rechannel_matrix             [   0.15949] 
audio    D          kcm_mixer.c:127  _al_rechannel_matrix             [   0.15950] 
dtor     D               dtor.c:196  _al_register_destructor          [   0.15951] added dtor for sample_instance 0000000002be61e0, func 00007ffd149e929b
audio    D          kcm_mixer.c:121  _al_rechannel_matrix             [   0.15956] sample matrix:
audio    D          kcm_mixer.c:127  _al_rechannel_matrix             [   0.15958] 
audio    D          kcm_mixer.c:127  _al_rechannel_matrix             [   0.15959] 
dtor     D               dtor.c:196  _al_register_destructor          [   0.15960] added dtor for sample_instance 0000000002be5e80, func 00007ffd149e929b
audio    D          kcm_mixer.c:121  _al_rechannel_matrix             [   0.15961] sample matrix:
audio    D          kcm_mixer.c:127  _al_rechannel_matrix             [   0.15962] 
audio    D          kcm_mixer.c:127  _al_rechannel_matrix             [   0.15963] 
dtor     D               dtor.c:196  _al_register_destructor          [   0.15964] added dtor for sample_instance 0000000002be6ae0, func 00007ffd149e929b
audio    D          kcm_mixer.c:121  _al_rechannel_matrix             [   0.15965] sample matrix:
audio    D          kcm_mixer.c:127  _al_rechannel_matrix             [   0.15966] 
audio    D          kcm_mixer.c:127  _al_rechannel_matrix             [   0.15966] 
stdio    D         file_stdio.c:110  file_stdio_fopen                 [   0.15968] opening ./assets/font/Caviar_Dreams_Bold.ttf rb
font     D                ttf.c:943  al_load_ttf_font_stretch_f       [   0.16019] Font ./assets/font/Caviar_Dreams_Bold.ttf loaded with pixel size 0 x 12.
font     D                ttf.c:945  al_load_ttf_font_stretch_f       [   0.16025]     ascent=12.0, descent=-4.0, height=15.0
dtor     D               dtor.c:196  _al_register_destructor          [   0.16028] added dtor for ttf_font 0000000002be5910, func 00007ffd149e4c05
stdio    D         file_stdio.c:110  file_stdio_fopen                 [   0.16030] opening ./assets/font/courbd.ttf rb
font     D                ttf.c:943  al_load_ttf_font_stretch_f       [   0.16067] Font ./assets/font/courbd.ttf loaded with pixel size 0 x 12.
font     D                ttf.c:945  al_load_ttf_font_stretch_f       [   0.16072]     ascent=10.0, descent=-4.0, height=14.0
dtor     D               dtor.c:196  _al_register_destructor          [   0.16074] added dtor for ttf_font 0000000002be5790, func 00007ffd149e4c05
stdio    D         file_stdio.c:110  file_stdio_fopen                 [   0.16075] opening ./assets/font/Caviar_Dreams_Bold.ttf rb
font     D                ttf.c:943  al_load_ttf_font_stretch_f       [   0.16093] Font ./assets/font/Caviar_Dreams_Bold.ttf loaded with pixel size 0 x 24.
font     D                ttf.c:945  al_load_ttf_font_stretch_f       [   0.16095]     ascent=24.0, descent=-7.0, height=30.0
dtor     D               dtor.c:196  _al_register_destructor          [   0.16096] added dtor for ttf_font 0000000002be5ac0, func 00007ffd149e4c05
stdio    D         file_stdio.c:110  file_stdio_fopen                 [   0.16098] opening ./assets/font/courbd.ttf rb
font     D                ttf.c:943  al_load_ttf_font_stretch_f       [   0.16111] Font ./assets/font/courbd.ttf loaded with pixel size 0 x 24.
font     D                ttf.c:945  al_load_ttf_font_stretch_f       [   0.16112]     ascent=20.0, descent=-8.0, height=27.0
dtor     D               dtor.c:196  _al_register_destructor          [   0.16113] added dtor for ttf_font 0000000002be59d0, func 00007ffd149e4c05
stdio    D         file_stdio.c:110  file_stdio_fopen                 [   0.16114] opening ./assets/font/Caviar_Dreams_Bold.ttf rb
font     D                ttf.c:943  al_load_ttf_font_stretch_f       [   0.16124] Font ./assets/font/Caviar_Dreams_Bold.ttf loaded with pixel size 0 x 36.
font     D                ttf.c:945  al_load_ttf_font_stretch_f       [   0.16126]     ascent=36.0, descent=-11.0, height=46.0
dtor     D               dtor.c:196  _al_register_destructor          [   0.16128] added dtor for ttf_font 0000000002be5640, func 00007ffd149e4c05
stdio    D         file_stdio.c:110  file_stdio_fopen                 [   0.16129] opening ./assets/font/courbd.ttf rb
font     D                ttf.c:943  al_load_ttf_font_stretch_f       [   0.16146] Font ./assets/font/courbd.ttf loaded with pixel size 0 x 36.
font     D                ttf.c:945  al_load_ttf_font_stretch_f       [   0.16148]     ascent=30.0, descent=-11.0, height=41.0
dtor     D               dtor.c:196  _al_register_destructor          [   0.16149] added dtor for ttf_font 0000000002c19440, func 00007ffd149e4c05
stdio    D         file_stdio.c:110  file_stdio_fopen                 [   0.16151] opening ./assets/image/love.png rb
stdio    D         file_stdio.c:110  file_stdio_fopen                 [   0.16167] opening ./assets/image/love.png rb
d3d      D         d3d_disp.cpp:1202 real_choose_bitmap_format        [   0.16177] Fake format
d3d      D         d3d_disp.cpp:1202 real_choose_bitmap_format        [   0.16178] Fake format
d3d      D         d3d_disp.cpp:1202 real_choose_bitmap_format        [   0.16179] Fake format
d3d      D         d3d_disp.cpp:1202 real_choose_bitmap_format        [   0.16179] Fake format
d3d      D         d3d_disp.cpp:1202 real_choose_bitmap_format        [   0.16180] Fake format
d3d      D         d3d_disp.cpp:1202 real_choose_bitmap_format        [   0.16181] Fake format
d3d      D         d3d_disp.cpp:1202 real_choose_bitmap_format        [   0.16182] Fake format
d3d      D         d3d_disp.cpp:1202 real_choose_bitmap_format        [   0.16182] Fake format
d3d      D         d3d_disp.cpp:1202 real_choose_bitmap_format        [   0.16183] Fake format
d3d      D         d3d_disp.cpp:1210 real_choose_bitmap_format        [   0.16184] Alpha doesn't match
d3d      D         d3d_disp.cpp:1217 real_choose_bitmap_format        [   0.16185] Adapter format is 23
d3d      D         d3d_disp.cpp:1220 real_choose_bitmap_format        [   0.16186] Found a format
d3d      I         d3d_disp.cpp:2391 d3d_create_bitmap                [   0.16187] Chose bitmap format 9
dtor     D               dtor.c:196  _al_register_destructor          [   0.16213] added dtor for bitmap 0000000002c25ad0, func 00007ffd148c1bea
stdio    D         file_stdio.c:110  file_stdio_fopen                 [   0.16230] opening ./assets/image/tower/Arcane_Menu.png rb
stdio    D         file_stdio.c:110  file_stdio_fopen                 [   0.16242] opening ./assets/image/tower/Arcane_Menu.png rb
d3d      D         d3d_disp.cpp:1202 real_choose_bitmap_format        [   0.16248] Fake format
d3d      D         d3d_disp.cpp:1202 real_choose_bitmap_format        [   0.16249] Fake format
d3d      D         d3d_disp.cpp:1202 real_choose_bitmap_format        [   0.16250] Fake format
d3d      D         d3d_disp.cpp:1202 real_choose_bitmap_format        [   0.16251] Fake format
d3d      D         d3d_disp.cpp:1202 real_choose_bitmap_format        [   0.16251] Fake format
d3d      D         d3d_disp.cpp:1202 real_choose_bitmap_format        [   0.16252] Fake format
d3d      D         d3d_disp.cpp:1202 real_choose_bitmap_format        [   0.16253] Fake format
d3d      D         d3d_disp.cpp:1202 real_choose_bitmap_format        [   0.16254] Fake format
d3d      D         d3d_disp.cpp:1202 real_choose_bitmap_format        [   0.16254] Fake format
d3d      D         d3d_disp.cpp:1210 real_choose_bitmap_format        [   0.16255] Alpha doesn't match
d3d      D         d3d_disp.cpp:1217 real_choose_bitmap_format        [   0.16256] Adapter format is 23
d3d      D         d3d_disp.cpp:1220 real_choose_bitmap_format        [   0.16257] Found a format
d3d      I         d3d_disp.cpp:2391 d3d_create_bitmap                [   0.16258] Chose bitmap format 9
dtor     D               dtor.c:196  _al_register_destructor          [   0.16274] added dtor for bitmap 0000000002c25ed0, func 00007ffd148c1bea
stdio    D         file_stdio.c:110  file_stdio_fopen                 [   0.16303] opening ./assets/image/tower/Archer_Menu.png rb
stdio    D         file_stdio.c:110  file_stdio_fopen                 [   0.16312] opening ./assets/image/tower/Archer_Menu.png rb
d3d      D         d3d_disp.cpp:1202 real_choose_bitmap_format        [   0.16318] Fake format
d3d      D         d3d_disp.cpp:1202 real_choose_bitmap_format        [   0.16319] Fake format
d3d      D         d3d_disp.cpp:1202 real_choose_bitmap_format        [   0.16319] Fake format
d3d      D         d3d_disp.cpp:1202 real_choose_bitmap_format        [   0.16320] Fake format
d3d      D         d3d_disp.cpp:1202 real_choose_bitmap_format        [   0.16321] Fake format
d3d      D         d3d_disp.cpp:1202 real_choose_bitmap_format        [   0.16322] Fake format
d3d      D         d3d_disp.cpp:1202 real_choose_bitmap_format        [   0.16322] Fake format
d3d      D         d3d_disp.cpp:1202 real_choose_bitmap_format        [   0.16323] Fake format
d3d      D         d3d_disp.cpp:1202 real_choose_bitmap_format        [   0.16324] Fake format
d3d      D         d3d_disp.cpp:1210 real_choose_bitmap_format        [   0.16325] Alpha doesn't match
d3d      D         d3d_disp.cpp:1217 real_choose_bitmap_format        [   0.16326] Adapter format is 23
d3d      D         d3d_disp.cpp:1220 real_choose_bitmap_format        [   0.16327] Found a format
d3d      I         d3d_disp.cpp:2391 d3d_create_bitmap                [   0.16328] Chose bitmap format 9
dtor     D               dtor.c:196  _al_register_destructor          [   0.16341] added dtor for bitmap 0000000002c287a0, func 00007ffd148c1bea
stdio    D         file_stdio.c:110  file_stdio_fopen                 [   0.16366] opening ./assets/image/tower/Canon_Menu.png rb
stdio    D         file_stdio.c:110  file_stdio_fopen                 [   0.16373] opening ./assets/image/tower/Canon_Menu.png rb
d3d      D         d3d_disp.cpp:1202 real_choose_bitmap_format        [   0.16378] Fake format
d3d      D         d3d_disp.cpp:1202 real_choose_bitmap_format        [   0.16379] Fake format
d3d      D         d3d_disp.cpp:1202 real_choose_bitmap_format        [   0.16379] Fake format
d3d      D         d3d_disp.cpp:1202 real_choose_bitmap_format        [   0.16380] Fake format
d3d      D         d3d_disp.cpp:1202 real_choose_bitmap_format        [   0.16381] Fake format
d3d      D         d3d_disp.cpp:1202 real_choose_bitmap_format        [   0.16382] Fake format
d3d      D         d3d_disp.cpp:1202 real_choose_bitmap_format        [   0.16382] Fake format
d3d      D         d3d_disp.cpp:1202 real_choose_bitmap_format        [   0.16383] Fake format
d3d      D         d3d_disp.cpp:1202 real_choose_bitmap_format        [   0.16384] Fake format
d3d      D         d3d_disp.cpp:1210 real_choose_bitmap_format        [   0.16385] Alpha doesn't match
d3d      D         d3d_disp.cpp:1217 real_choose_bitmap_format        [   0.16385] Adapter format is 23
d3d      D         d3d_disp.cpp:1220 real_choose_bitmap_format        [   0.16386] Found a format
d3d      I         d3d_disp.cpp:2391 d3d_create_bitmap                [   0.16387] Chose bitmap format 9
dtor     D               dtor.c:196  _al_register_destructor          [   0.16398] added dtor for bitmap 0000000002c2b070, func 00007ffd148c1bea
stdio    D         file_stdio.c:110  file_stdio_fopen                 [   0.16449] opening ./assets/image/tower/Poison_Menu.png rb
stdio    D         file_stdio.c:110  file_stdio_fopen                 [   0.16457] opening ./assets/image/tower/Poison_Menu.png rb
d3d      D         d3d_disp.cpp:1202 real_choose_bitmap_format        [   0.16461] Fake format
d3d      D         d3d_disp.cpp:1202 real_choose_bitmap_format        [   0.16462] Fake format
d3d      D         d3d_disp.cpp:1202 real_choose_bitmap_format        [   0.16463] Fake format
d3d      D         d3d_disp.cpp:1202 real_choose_bitmap_format        [   0.16464] Fake format
d3d      D         d3d_disp.cpp:1202 real_choose_bitmap_format        [   0.16465] Fake format
d3d      D         d3d_disp.cpp:1202 real_choose_bitmap_format        [   0.16465] Fake format
d3d      D         d3d_disp.cpp:1202 real_choose_bitmap_format        [   0.16466] Fake format
d3d      D         d3d_disp.cpp:1202 real_choose_bitmap_format        [   0.16467] Fake format
d3d      D         d3d_disp.cpp:1202 real_choose_bitmap_format        [   0.16468] Fake format
d3d      D         d3d_disp.cpp:1210 real_choose_bitmap_format        [   0.16468] Alpha doesn't match
d3d      D         d3d_disp.cpp:1217 real_choose_bitmap_format        [   0.16469] Adapter format is 23
d3d      D         d3d_disp.cpp:1220 real_choose_bitmap_format        [   0.16470] Found a format
d3d      I         d3d_disp.cpp:2391 d3d_create_bitmap                [   0.16471] Chose bitmap format 9
dtor     D               dtor.c:196  _al_register_destructor          [   0.16482] added dtor for bitmap 0000000002c2d940, func 00007ffd148c1bea
stdio    D         file_stdio.c:110  file_stdio_fopen                 [   0.16515] opening ./assets/image/tower/Storm_Menu.png rb
stdio    D         file_stdio.c:110  file_stdio_fopen                 [   0.16525] opening ./assets/image/tower/Storm_Menu.png rb
d3d      D         d3d_disp.cpp:1202 real_choose_bitmap_format        [   0.16532] Fake format
d3d      D         d3d_disp.cpp:1202 real_choose_bitmap_format        [   0.16533] Fake format
d3d      D         d3d_disp.cpp:1202 real_choose_bitmap_format        [   0.16534] Fake format
d3d      D         d3d_disp.cpp:1202 real_choose_bitmap_format        [   0.16535] Fake format
d3d      D         d3d_disp.cpp:1202 real_choose_bitmap_format        [   0.16535] Fake format
d3d      D         d3d_disp.cpp:1202 real_choose_bitmap_format        [   0.16536] Fake format
d3d      D         d3d_disp.cpp:1202 real_choose_bitmap_format        [   0.16537] Fake format
d3d      D         d3d_disp.cpp:1202 real_choose_bitmap_format        [   0.16537] Fake format
d3d      D         d3d_disp.cpp:1202 real_choose_bitmap_format        [   0.16538] Fake format
d3d      D         d3d_disp.cpp:1210 real_choose_bitmap_format        [   0.16539] Alpha doesn't match
d3d      D         d3d_disp.cpp:1217 real_choose_bitmap_format        [   0.16540] Adapter format is 23
d3d      D         d3d_disp.cpp:1220 real_choose_bitmap_format        [   0.16541] Found a format
d3d      I         d3d_disp.cpp:2391 d3d_create_bitmap                [   0.16542] Chose bitmap format 9
dtor     D               dtor.c:196  _al_register_destructor          [   0.16555] added dtor for bitmap 0000000002c30210, func 00007ffd148c1bea
stdio    D         file_stdio.c:110  file_stdio_fopen                 [   0.16678] opening ./assets/image/StartBackground.jpg rb
stdio    D         file_stdio.c:110  file_stdio_fopen                 [   0.16690] opening ./assets/image/StartBackground.jpg rb
d3d      D         d3d_disp.cpp:1202 real_choose_bitmap_format        [   0.16701] Fake format
d3d      D         d3d_disp.cpp:1202 real_choose_bitmap_format        [   0.16702] Fake format
d3d      D         d3d_disp.cpp:1202 real_choose_bitmap_format        [   0.16703] Fake format
d3d      D         d3d_disp.cpp:1202 real_choose_bitmap_format        [   0.16703] Fake format
d3d      D         d3d_disp.cpp:1202 real_choose_bitmap_format        [   0.16704] Fake format
d3d      D         d3d_disp.cpp:1202 real_choose_bitmap_format        [   0.16705] Fake format
d3d      D         d3d_disp.cpp:1202 real_choose_bitmap_format        [   0.16706] Fake format
d3d      D         d3d_disp.cpp:1202 real_choose_bitmap_format        [   0.16707] Fake format
d3d      D         d3d_disp.cpp:1202 real_choose_bitmap_format        [   0.16708] Fake format
d3d      D         d3d_disp.cpp:1210 real_choose_bitmap_format        [   0.16709] Alpha doesn't match
d3d      D         d3d_disp.cpp:1217 real_choose_bitmap_format        [   0.16710] Adapter format is 23
d3d      D         d3d_disp.cpp:1220 real_choose_bitmap_format        [   0.16714] Found a format
d3d      I         d3d_disp.cpp:2391 d3d_create_bitmap                [   0.16715] Chose bitmap format 9
dtor     D               dtor.c:196  _al_register_destructor          [   0.16732] added dtor for bitmap 0000000002c25800, func 00007ffd148c1bea
d3d      D         d3d_disp.cpp:1202 real_choose_bitmap_format        [   0.21063] Fake format
d3d      D         d3d_disp.cpp:1202 real_choose_bitmap_format        [   0.21070] Fake format
d3d      D         d3d_disp.cpp:1202 real_choose_bitmap_format        [   0.21071] Fake format
d3d      D         d3d_disp.cpp:1202 real_choose_bitmap_format        [   0.21072] Fake format
d3d      D         d3d_disp.cpp:1202 real_choose_bitmap_format        [   0.21072] Fake format
d3d      D         d3d_disp.cpp:1202 real_choose_bitmap_format        [   0.21073] Fake format
d3d      D         d3d_disp.cpp:1202 real_choose_bitmap_format        [   0.21074] Fake format
d3d      D         d3d_disp.cpp:1202 real_choose_bitmap_format        [   0.21075] Fake format
d3d      D         d3d_disp.cpp:1202 real_choose_bitmap_format        [   0.21075] Fake format
d3d      D         d3d_disp.cpp:1210 real_choose_bitmap_format        [   0.21076] Alpha doesn't match
d3d      D         d3d_disp.cpp:1217 real_choose_bitmap_format        [   0.21077] Adapter format is 23
d3d      D         d3d_disp.cpp:1220 real_choose_bitmap_format        [   0.21078] Found a format
d3d      I         d3d_disp.cpp:2391 d3d_create_bitmap                [   0.21079] Chose bitmap format 9
font     D                ttf.c:243  alloc_glyph_region               [   0.21128] Glyph 70: 15x13 (16x16)
font     D                ttf.c:287  alloc_glyph_region               [   0.21132] Locking glyph region: 0000000002c36cd0 0 0 16 16
font     D                ttf.c:167  unlock_current_page              [   0.21420] Unlocking page: 0000000002c36cd0
font     D                ttf.c:243  alloc_glyph_region               [   0.21436] Glyph 82: 15x13 (16x16)
font     D                ttf.c:287  alloc_glyph_region               [   0.21437] Locking glyph region: 0000000002c36cd0 16 0 16 16
font     D                ttf.c:167  unlock_current_page              [   0.21447] Unlocking page: 0000000002c36cd0
font     D                ttf.c:243  alloc_glyph_region               [   0.21453] Glyph 76: 14x17 (16x20)
font     D                ttf.c:287  alloc_glyph_region               [   0.21454] Locking glyph region: 0000000002c36cd0 32 0 16 20
font     D                ttf.c:167  unlock_current_page              [   0.21460] Unlocking page: 0000000002c36cd0
font     D                ttf.c:243  alloc_glyph_region               [   0.21466] Glyph 81: 16x13 (16x16)
font     D                ttf.c:287  alloc_glyph_region               [   0.21467] Locking glyph region: 0000000002c36cd0 48 0 16 16
font     D                ttf.c:167  unlock_current_page              [   0.21469] Unlocking page: 0000000002c36cd0
font     D                ttf.c:243  alloc_glyph_region               [   0.21472] Glyph 29: 7x13 (8x16)
font     D                ttf.c:287  alloc_glyph_region               [   0.21472] Locking glyph region: 0000000002c36cd0 64 0 8 16
font     D                ttf.c:167  unlock_current_page              [   0.21474] Unlocking page: 0000000002c36cd0
font     D                ttf.c:446  cache_glyph                      [   0.21475] Glyph 3 has zero size.
font     D                ttf.c:243  alloc_glyph_region               [   0.21479] Glyph 20: 14x17 (16x20)
font     D                ttf.c:287  alloc_glyph_region               [   0.21480] Locking glyph region: 0000000002c36cd0 72 0 16 20
font     D                ttf.c:167  unlock_current_page              [   0.21481] Unlocking page: 0000000002c36cd0
font     D                ttf.c:243  alloc_glyph_region               [   0.21484] Glyph 19: 14x17 (16x20)
font     D                ttf.c:287  alloc_glyph_region               [   0.21485] Locking glyph region: 0000000002c36cd0 88 0 16 20
font     D                ttf.c:167  unlock_current_page              [   0.21492] Unlocking page: 0000000002c36cd0
font     D                ttf.c:243  alloc_glyph_region               [   0.21500] Glyph 24: 14x17 (16x20)
font     D                ttf.c:287  alloc_glyph_region               [   0.21501] Locking glyph region: 0000000002c36cd0 104 0 16 20
font     D                ttf.c:167  unlock_current_page              [   0.21568] Unlocking page: 0000000002c36cd0
font     D                ttf.c:243  alloc_glyph_region               [   0.21593] Glyph 21: 14x17 (16x20)
font     D                ttf.c:287  alloc_glyph_region               [   0.21598] Locking glyph region: 0000000002c36cd0 120 0 16 20
font     D                ttf.c:167  unlock_current_page              [   0.21759] Unlocking page: 0000000002c36cd0
d3d      D          d3d_bmp.cpp:539  _al_d3d_sync_bitmap              [   0.22217] _al_d3d_sync_bitmap (system) ref count == 1
d3d      D          d3d_bmp.cpp:545  _al_d3d_sync_bitmap              [   0.22222] _al_d3d_sync_bitmap (video) ref count == 1
d3d      D          d3d_bmp.cpp:539  _al_d3d_sync_bitmap              [   0.22383] _al_d3d_sync_bitmap (system) ref count == 1
d3d      D          d3d_bmp.cpp:545  _al_d3d_sync_bitmap              [   0.22390] _al_d3d_sync_bitmap (video) ref count == 1
d3d      D          d3d_bmp.cpp:539  _al_d3d_sync_bitmap              [   0.22778] _al_d3d_sync_bitmap (system) ref count == 1
d3d      D          d3d_bmp.cpp:545  _al_d3d_sync_bitmap              [   0.22795] _al_d3d_sync_bitmap (video) ref count == 1
d3d      D          d3d_bmp.cpp:539  _al_d3d_sync_bitmap              [   0.22852] _al_d3d_sync_bitmap (system) ref count == 1
d3d      D          d3d_bmp.cpp:545  _al_d3d_sync_bitmap              [   0.22855] _al_d3d_sync_bitmap (video) ref count == 1
d3d      D          d3d_bmp.cpp:539  _al_d3d_sync_bitmap              [   0.22908] _al_d3d_sync_bitmap (system) ref count == 1
d3d      D          d3d_bmp.cpp:545  _al_d3d_sync_bitmap              [   0.22911] _al_d3d_sync_bitmap (video) ref count == 1
d3d      D          d3d_bmp.cpp:539  _al_d3d_sync_bitmap              [   0.23179] _al_d3d_sync_bitmap (system) ref count == 1
d3d      D          d3d_bmp.cpp:545  _al_d3d_sync_bitmap              [   0.23185] _al_d3d_sync_bitmap (video) ref count == 1
d3d      D          d3d_bmp.cpp:539  _al_d3d_sync_bitmap              [   0.23230] _al_d3d_sync_bitmap (system) ref count == 1
d3d      D          d3d_bmp.cpp:545  _al_d3d_sync_bitmap              [   0.23232] _al_d3d_sync_bitmap (video) ref count == 1
d3d      D          d3d_bmp.cpp:539  _al_d3d_sync_bitmap              [   0.23260] _al_d3d_sync_bitmap (system) ref count == 1
d3d      D          d3d_bmp.cpp:545  _al_d3d_sync_bitmap              [   0.23261] _al_d3d_sync_bitmap (video) ref count == 1
d3d      D          d3d_bmp.cpp:539  _al_d3d_sync_bitmap              [   0.23624] _al_d3d_sync_bitmap (system) ref count == 1
d3d      D          d3d_bmp.cpp:545  _al_d3d_sync_bitmap              [   0.23628] _al_d3d_sync_bitmap (video) ref count == 1
d3d      I         d3d_disp.cpp:915  d3d_destroy_display              [  17.83090] destroying display 000000000140bef0 (current 0000000000000000)
bitmap   D        bitmap_type.c:308  _al_convert_to_memory_bitmap     [  17.83493] converting display bitmap 0000000002c36cd0 to memory bitmap
dtor     D               dtor.c:196  _al_register_destructor          [  17.83499] added dtor for bitmap 0000000002c77100, func 00007ffd148c1bea
d3d      D          d3d_bmp.cpp:539  _al_d3d_sync_bitmap              [  17.83501] _al_d3d_sync_bitmap (system) ref count == 1
d3d      D          d3d_bmp.cpp:545  _al_d3d_sync_bitmap              [  17.83502] _al_d3d_sync_bitmap (video) ref count == 1
dtor     D               dtor.c:227  _al_unregister_destructor        [  17.83593] removed dtor for bitmap 0000000002c77100
bitmap   D        bitmap_type.c:308  _al_convert_to_memory_bitmap     [  17.83639] converting display bitmap 0000000002c25800 to memory bitmap
dtor     D               dtor.c:196  _al_register_destructor          [  17.83652] added dtor for bitmap 0000000002c77100, func 00007ffd148c1bea
d3d      D          d3d_bmp.cpp:539  _al_d3d_sync_bitmap              [  17.83656] _al_d3d_sync_bitmap (system) ref count == 1
d3d      D          d3d_bmp.cpp:545  _al_d3d_sync_bitmap              [  17.83657] _al_d3d_sync_bitmap (video) ref count == 1
dtor     D               dtor.c:227  _al_unregister_destructor        [  17.84067] removed dtor for bitmap 0000000002c77100
bitmap   D        bitmap_type.c:308  _al_convert_to_memory_bitmap     [  17.84127] converting display bitmap 0000000002c30210 to memory bitmap
dtor     D               dtor.c:196  _al_register_destructor          [  17.84138] added dtor for bitmap 0000000002c77100, func 00007ffd148c1bea
d3d      D          d3d_bmp.cpp:539  _al_d3d_sync_bitmap              [  17.84141] _al_d3d_sync_bitmap (system) ref count == 1
d3d      D          d3d_bmp.cpp:545  _al_d3d_sync_bitmap              [  17.84143] _al_d3d_sync_bitmap (video) ref count == 1
dtor     D               dtor.c:227  _al_unregister_destructor        [  17.84212] removed dtor for bitmap 0000000002c77100
bitmap   D        bitmap_type.c:308  _al_convert_to_memory_bitmap     [  17.84220] converting display bitmap 0000000002c2d940 to memory bitmap
dtor     D               dtor.c:196  _al_register_destructor          [  17.84221] added dtor for bitmap 0000000002c77100, func 00007ffd148c1bea
d3d      D          d3d_bmp.cpp:539  _al_d3d_sync_bitmap              [  17.84222] _al_d3d_sync_bitmap (system) ref count == 1
d3d      D          d3d_bmp.cpp:545  _al_d3d_sync_bitmap              [  17.84223] _al_d3d_sync_bitmap (video) ref count == 1
dtor     D               dtor.c:227  _al_unregister_destructor        [  17.84252] removed dtor for bitmap 0000000002c77100
bitmap   D        bitmap_type.c:308  _al_convert_to_memory_bitmap     [  17.84258] converting display bitmap 0000000002c2b070 to memory bitmap
dtor     D               dtor.c:196  _al_register_destructor          [  17.84259] added dtor for bitmap 0000000002c77100, func 00007ffd148c1bea
d3d      D          d3d_bmp.cpp:539  _al_d3d_sync_bitmap              [  17.84260] _al_d3d_sync_bitmap (system) ref count == 1
d3d      D          d3d_bmp.cpp:545  _al_d3d_sync_bitmap              [  17.84261] _al_d3d_sync_bitmap (video) ref count == 1
dtor     D               dtor.c:227  _al_unregister_destructor        [  17.84294] removed dtor for bitmap 0000000002c77100
bitmap   D        bitmap_type.c:308  _al_convert_to_memory_bitmap     [  17.84300] converting display bitmap 0000000002c287a0 to memory bitmap
dtor     D               dtor.c:196  _al_register_destructor          [  17.84301] added dtor for bitmap 0000000002c77100, func 00007ffd148c1bea
d3d      D          d3d_bmp.cpp:539  _al_d3d_sync_bitmap              [  17.84302] _al_d3d_sync_bitmap (system) ref count == 1
d3d      D          d3d_bmp.cpp:545  _al_d3d_sync_bitmap              [  17.84303] _al_d3d_sync_bitmap (video) ref count == 1
dtor     D               dtor.c:227  _al_unregister_destructor        [  17.84329] removed dtor for bitmap 0000000002c77100
bitmap   D        bitmap_type.c:308  _al_convert_to_memory_bitmap     [  17.84340] converting display bitmap 0000000002c25ed0 to memory bitmap
dtor     D               dtor.c:196  _al_register_destructor          [  17.84342] added dtor for bitmap 0000000002c77100, func 00007ffd148c1bea
d3d      D          d3d_bmp.cpp:539  _al_d3d_sync_bitmap              [  17.84343] _al_d3d_sync_bitmap (system) ref count == 1
d3d      D          d3d_bmp.cpp:545  _al_d3d_sync_bitmap              [  17.84344] _al_d3d_sync_bitmap (video) ref count == 1
dtor     D               dtor.c:227  _al_unregister_destructor        [  17.84372] removed dtor for bitmap 0000000002c77100
bitmap   D        bitmap_type.c:308  _al_convert_to_memory_bitmap     [  17.84379] converting display bitmap 0000000002c25ad0 to memory bitmap
dtor     D               dtor.c:196  _al_register_destructor          [  17.84386] added dtor for bitmap 0000000002c77100, func 00007ffd148c1bea
d3d      D          d3d_bmp.cpp:539  _al_d3d_sync_bitmap              [  17.84388] _al_d3d_sync_bitmap (system) ref count == 1
d3d      D          d3d_bmp.cpp:545  _al_d3d_sync_bitmap              [  17.84389] _al_d3d_sync_bitmap (video) ref count == 1
dtor     D               dtor.c:227  _al_unregister_destructor        [  17.84418] removed dtor for bitmap 0000000002c77100
bitmap   D        bitmap_type.c:308  _al_convert_to_memory_bitmap     [  17.84427] converting display bitmap 0000000002be7620 to memory bitmap
dtor     D               dtor.c:196  _al_register_destructor          [  17.84431] added dtor for bitmap 0000000002c77100, func 00007ffd148c1bea
d3d      D          d3d_bmp.cpp:539  _al_d3d_sync_bitmap              [  17.84433] _al_d3d_sync_bitmap (system) ref count == 1
d3d      D          d3d_bmp.cpp:545  _al_d3d_sync_bitmap              [  17.84434] _al_d3d_sync_bitmap (video) ref count == 1
dtor     D               dtor.c:227  _al_unregister_destructor        [  17.84534] removed dtor for bitmap 0000000002c77100
d3d      D         d3d_disp.cpp:899  d3d_destroy_display_internals    [  17.84558] waiting for display 000000000140bef0's thread to end
d3d      W         d3d_disp.cpp:608  d3d_destroy_device               [  17.85598] d3d_destroy_device: ref count not 0
d3d      W         d3d_disp.cpp:608  d3d_destroy_device               [  17.85602] d3d_destroy_device: ref count not 0
d3d      I         d3d_disp.cpp:1562 d3d_display_thread_proc          [  17.87132] d3d display thread exits
dtor     D               dtor.c:227  _al_unregister_destructor        [  17.87201] removed dtor for timer 0000000002be3510
dtor     D               dtor.c:227  _al_unregister_destructor        [  17.87206] removed dtor for queue 0000000002be35c0
dtor     D               dtor.c:227  _al_unregister_destructor        [  17.87209] removed dtor for ttf_font 0000000002be5910
dtor     D               dtor.c:227  _al_unregister_destructor        [  17.87218] removed dtor for ttf_font 0000000002be5ac0
dtor     D               dtor.c:227  _al_unregister_destructor        [  17.87225] removed dtor for ttf_font 0000000002be5640
dtor     D               dtor.c:227  _al_unregister_destructor        [  17.87234] removed dtor for ttf_font 0000000002be5790
dtor     D               dtor.c:227  _al_unregister_destructor        [  17.87239] removed dtor for ttf_font 0000000002be59d0
dtor     D               dtor.c:227  _al_unregister_destructor        [  17.87246] removed dtor for ttf_font 0000000002c19440
dtor     D               dtor.c:227  _al_unregister_destructor        [  17.87249] removed dtor for bitmap 0000000002c25800
dtor     D               dtor.c:227  _al_unregister_destructor        [  17.87268] removed dtor for bitmap 0000000002be7620
dtor     D               dtor.c:227  _al_unregister_destructor        [  17.87275] removed dtor for bitmap 0000000002c25ad0
dtor     D               dtor.c:227  _al_unregister_destructor        [  17.87276] removed dtor for bitmap 0000000002c25ed0
dtor     D               dtor.c:227  _al_unregister_destructor        [  17.87277] removed dtor for bitmap 0000000002c287a0
dtor     D               dtor.c:227  _al_unregister_destructor        [  17.87280] removed dtor for bitmap 0000000002c2b070
dtor     D               dtor.c:227  _al_unregister_destructor        [  17.87281] removed dtor for bitmap 0000000002c2d940
dtor     D               dtor.c:227  _al_unregister_destructor        [  17.87282] removed dtor for bitmap 0000000002c30210
dtor     D               dtor.c:227  _al_unregister_destructor        [  17.87285] removed dtor for sample_instance 0000000002be42d0
dtor     D               dtor.c:227  _al_unregister_destructor        [  17.87286] removed dtor for sample_instance 0000000002be43f0
dtor     D               dtor.c:227  _al_unregister_destructor        [  17.87287] removed dtor for sample_instance 0000000002be4510
dtor     D               dtor.c:227  _al_unregister_destructor        [  17.87289] removed dtor for sample_instance 0000000002be4630
dtor     D               dtor.c:227  _al_unregister_destructor        [  17.87290] removed dtor for sample_instance 0000000002be47e0
dtor     D               dtor.c:227  _al_unregister_destructor        [  17.87291] removed dtor for sample_instance 0000000002be4900
dtor     D               dtor.c:227  _al_unregister_destructor        [  17.87292] removed dtor for sample_instance 0000000002be4a20
dtor     D               dtor.c:227  _al_unregister_destructor        [  17.87293] removed dtor for sample_instance 0000000002be4b40
dtor     D               dtor.c:227  _al_unregister_destructor        [  17.87294] removed dtor for sample_instance 0000000002be4d70
dtor     D               dtor.c:227  _al_unregister_destructor        [  17.87295] removed dtor for sample_instance 0000000002be4e90
dtor     D               dtor.c:227  _al_unregister_destructor        [  17.87296] removed dtor for sample_instance 0000000002be4fb0
dtor     D               dtor.c:227  _al_unregister_destructor        [  17.87297] removed dtor for sample_instance 0000000002be5bf0
dtor     D               dtor.c:227  _al_unregister_destructor        [  17.87297] removed dtor for sample_instance 0000000002be5d10
dtor     D               dtor.c:227  _al_unregister_destructor        [  17.87298] removed dtor for sample_instance 0000000002be61e0
dtor     D               dtor.c:227  _al_unregister_destructor        [  17.87299] removed dtor for sample_instance 0000000002be5e80
dtor     D               dtor.c:227  _al_unregister_destructor        [  17.87300] removed dtor for sample_instance 0000000002be6ae0
dtor     D               dtor.c:227  _al_unregister_destructor        [  17.87301] removed dtor for mixer 0000000002be3bd0
audio-dsound D           dsound.cpp:528  _dsound_stop_voice               [  17.87303] Stopping voice
audio-dsound D           dsound.cpp:545  _dsound_stop_voice               [  17.87304] Joining thread
audio-dsound D           dsound.cpp:551  _dsound_stop_voice               [  17.87970] Joined thread
audio-dsound D           dsound.cpp:553  _dsound_stop_voice               [  17.87982] Destroying thread
audio-dsound D           dsound.cpp:555  _dsound_stop_voice               [  17.87987] Thread destroyed
audio-dsound D           dsound.cpp:562  _dsound_stop_voice               [  17.87988] Releasing buffer
audio-dsound I           dsound.cpp:566  _dsound_stop_voice               [  17.87990] Voice stopped
dtor     D               dtor.c:227  _al_unregister_destructor        [  17.87992] removed dtor for voice 0000000002be3a90
audio-dsound D           dsound.cpp:380  _dsound_deallocate_voice         [  17.87993] Deallocating voice
audio-dsound D           dsound.cpp:385  _dsound_deallocate_voice         [  17.87994] Deallocated voice
audio-dsound D           dsound.cpp:296  _dsound_close                    [  17.87995] Releasing device
audio-dsound D           dsound.cpp:298  _dsound_close                    [  17.88960] Released device
audio-dsound I           dsound.cpp:299  _dsound_close                    [  17.88966] DirectSound closed
